Android/Inodos/app/build/intermediates/manifest_merge_blame_file/debug/manifest-merger-blame-debug-report.txt
1<?xml version="1.0" encoding="utf-8"?>
2<manifest xmlns:android="http://schemas.android.com/apk/res/android"
3    package="es.upv.inodos"
4    android:versionCode="1"
5    android:versionName="1.0" >
6
7    <uses-sdk
8        android:minSdkVersion="24"
8-->src\main\AndroidManifest.xml
9        android:targetSdkVersion="30" />
9-->src\main\AndroidManifest.xml
10
11    <uses-permission android:name="android.permission.INTERNET" />
11-->src\main\AndroidManifest.xml:5:5-67
11-->src\main\AndroidManifest.xml:5:22-64
12    <uses-permission android:name="android.permission.BLUETOOTH" />
12-->src\main\AndroidManifest.xml:6:5-68
12-->src\main\AndroidManifest.xml:6:22-65
13    <uses-permission android:name="android.permission.BLUETOOTH_ADMIN" />
13-->src\main\AndroidManifest.xml:7:5-74
13-->src\main\AndroidManifest.xml:7:22-71
14    <uses-permission android:name="android.permission.ACCESS_COARSE_LOCATION" />
14-->src\main\AndroidManifest.xml:8:5-81
14-->src\main\AndroidManifest.xml:8:22-78
15    <uses-permission android:name="android.permission.ACCESS_FINE_LOCATION" />
15-->src\main\AndroidManifest.xml:9:5-79
15-->src\main\AndroidManifest.xml:9:22-76
16    <uses-permission android:name="android.permission.ACCESS_BACKGROUND_LOCATION" />
16-->src\main\AndroidManifest.xml:10:5-85
16-->src\main\AndroidManifest.xml:10:22-82
17    <uses-permission android:name="android.permission.RECEIVE_BOOT_COMPLETED" />
17-->src\main\AndroidManifest.xml:11:5-81
17-->src\main\AndroidManifest.xml:11:22-78
18    <uses-permission android:name="android.permission.FOREGROUND_SERVICE" />
18-->src\main\AndroidManifest.xml:12:5-77
18-->src\main\AndroidManifest.xml:12:22-74
19    <uses-permission android:name="android.permission.ACCESS_BACKGROUND_LOCATION" />
19-->src\main\AndroidManifest.xml:10:5-85
19-->src\main\AndroidManifest.xml:10:22-82
20    <uses-permission android:name="com.google.android.gms.permission.ACTIVITY_RECOGNITION" />
20-->src\main\AndroidManifest.xml:14:5-94
20-->src\main\AndroidManifest.xml:14:22-91
21
22    <uses-feature
22-->src\main\AndroidManifest.xml:16:5-89
23        android:name="android.hardware.bluetooth_le"
23-->src\main\AndroidManifest.xml:16:19-63
24        android:required="true" />
24-->src\main\AndroidManifest.xml:16:64-87
25
26    <uses-permission android:name="android.permission.ACCESS_NETWORK_STATE" /> <!-- Required by older versions of Google Play services to create GCM registration tokens -->
26-->[com.google.firebase:firebase-auth:20.0.1] AndroidManifest.xml:24:5-79
26-->[com.google.firebase:firebase-auth:20.0.1] AndroidManifest.xml:24:22-76
27    <uses-permission android:name="com.google.android.c2dm.permission.RECEIVE" />
27-->[com.google.android.gms:play-services-gcm:17.0.0] AndroidManifest.xml:23:5-82
27-->[com.google.android.gms:play-services-gcm:17.0.0] AndroidManifest.xml:23:22-79
28    <uses-permission android:name="android.permission.WAKE_LOCK" />
28-->[androidx.work:work-runtime:2.4.0] AndroidManifest.xml:25:5-68
28-->[androidx.work:work-runtime:2.4.0] AndroidManifest.xml:25:22-65
29
30    <application
30-->src\main\AndroidManifest.xml:18:5-75:19
31        android:name="es.upv.inodos.MainApplication"
31-->src\main\AndroidManifest.xml:19:9-53
32        android:allowBackup="true"
32-->src\main\AndroidManifest.xml:20:9-35
33        android:appComponentFactory="androidx.core.app.CoreComponentFactory"
33-->[androidx.core:core:1.3.1] AndroidManifest.xml:24:18-86
34        android:debuggable="true"
35        android:extractNativeLibs="false"
36        android:icon="@mipmap/ic_launcher"
36-->src\main\AndroidManifest.xml:21:9-43
37        android:label="@string/app_name"
37-->src\main\AndroidManifest.xml:22:9-41
38        android:roundIcon="@mipmap/ic_launcher_round"
38-->src\main\AndroidManifest.xml:23:9-54
39        android:supportsRtl="true"
39-->src\main\AndroidManifest.xml:25:9-35
40        android:testOnly="true"
41        android:theme="@style/CustomTheme"
41-->src\main\AndroidManifest.xml:26:9-43
42        android:usesCleartextTraffic="true" >
42-->src\main\AndroidManifest.xml:24:9-44
43
44        <!--
45               <meta-data
46                   android:name="com.google.android.nearby.messages.API_KEY"
47                   android:value="AIzaSyBinhlarGMu1Yhfvi1KrVEiuSdmGujJuII" />
48        -->
49
50        <activity android:name="es.upv.inodos.activities.MainActivity" >
50-->src\main\AndroidManifest.xml:35:9-40:20
50-->src\main\AndroidManifest.xml:35:19-58
51            <intent-filter>
51-->src\main\AndroidManifest.xml:36:13-39:29
52                <action android:name="android.intent.action.MAIN" />
52-->src\main\AndroidManifest.xml:37:17-69
52-->src\main\AndroidManifest.xml:37:25-66
53
54                <category android:name="android.intent.category.LAUNCHER" />
54-->src\main\AndroidManifest.xml:38:17-77
54-->src\main\AndroidManifest.xml:38:27-74
55            </intent-filter>
56        </activity>
57
58        <service
58-->src\main\AndroidManifest.xml:42:9-49:19
59            android:name="es.upv.inodos.services.MonitorService"
59-->src\main\AndroidManifest.xml:43:13-52
60            android:enabled="true"
60-->src\main\AndroidManifest.xml:46:13-35
61            android:exported="true"
61-->src\main\AndroidManifest.xml:47:13-36
62            android:icon="@mipmap/ic_launcher"
62-->src\main\AndroidManifest.xml:44:13-47
63            android:label="MonitorService" >
63-->src\main\AndroidManifest.xml:45:13-43
64        </service>
65
66        <receiver
66-->src\main\AndroidManifest.xml:51:9-59:20
67            android:name="es.upv.inodos.receivers.BootCompletedReceiver"
67-->src\main\AndroidManifest.xml:51:19-79
68            android:enabled="true"
68-->src\main\AndroidManifest.xml:52:13-35
69            android:exported="true"
69-->src\main\AndroidManifest.xml:53:13-36
70            android:label="BootCompletedReceiver" >
70-->src\main\AndroidManifest.xml:54:13-50
71            <intent-filter>
71-->src\main\AndroidManifest.xml:55:13-58:29
72                <action android:name="android.intent.action.BOOT_COMPLETED" />
72-->src\main\AndroidManifest.xml:56:17-86
72-->src\main\AndroidManifest.xml:56:25-76
73                <action android:name="android.intent.action.ACTION_BOOT_COMPLETED" />
73-->src\main\AndroidManifest.xml:57:17-93
73-->src\main\AndroidManifest.xml:57:25-83
74            </intent-filter>
75        </receiver>
76        <receiver
76-->src\main\AndroidManifest.xml:61:9-66:20
77            android:name="es.upv.inodos.receivers.BluetoothBroadcastReceiver"
77-->src\main\AndroidManifest.xml:61:19-84
78            android:label="BluetoothBroadcastReceiver" >
78-->src\main\AndroidManifest.xml:62:13-55
79            <intent-filter>
79-->src\main\AndroidManifest.xml:63:13-65:29
80                <action android:name="android.bluetooth.adapter.action.STATE_CHANGED" />
80-->src\main\AndroidManifest.xml:64:17-89
80-->src\main\AndroidManifest.xml:64:25-86
81            </intent-filter>
82        </receiver>
83
84        <service
84-->src\main\AndroidManifest.xml:68:9-70:40
85            android:name="es.upv.inodos.services.DetectedActivitiesIntentService"
85-->src\main\AndroidManifest.xml:69:13-69
86            android:exported="false" />
86-->src\main\AndroidManifest.xml:70:13-37
87        <service android:name="es.upv.inodos.services.BackgroundDetectedActivitiesService" />
87-->src\main\AndroidManifest.xml:72:9-89
87-->src\main\AndroidManifest.xml:72:18-78
88
89        <activity
89-->[com.google.firebase:firebase-auth:20.0.1] AndroidManifest.xml:27:9-44:20
90            android:name="com.google.firebase.auth.internal.GenericIdpActivity"
90-->[com.google.firebase:firebase-auth:20.0.1] AndroidManifest.xml:28:13-80
91            android:excludeFromRecents="true"
91-->[com.google.firebase:firebase-auth:20.0.1] AndroidManifest.xml:29:13-46
92            android:exported="true"
92-->[com.google.firebase:firebase-auth:20.0.1] AndroidManifest.xml:30:13-36
93            android:launchMode="singleTask"
93-->[com.google.firebase:firebase-auth:20.0.1] AndroidManifest.xml:31:13-44
94            android:theme="@android:style/Theme.Translucent.NoTitleBar" >
94-->[com.google.firebase:firebase-auth:20.0.1] AndroidManifest.xml:32:13-72
95            <intent-filter>
95-->[com.google.firebase:firebase-auth:20.0.1] AndroidManifest.xml:33:13-43:29
96                <action android:name="android.intent.action.VIEW" />
96-->[com.google.firebase:firebase-auth:20.0.1] AndroidManifest.xml:34:17-69
96-->[com.google.firebase:firebase-auth:20.0.1] AndroidManifest.xml:34:25-66
97
98                <category android:name="android.intent.category.DEFAULT" />
98-->[com.google.firebase:firebase-auth:20.0.1] AndroidManifest.xml:36:17-76
98-->[com.google.firebase:firebase-auth:20.0.1] AndroidManifest.xml:36:27-73
99                <category android:name="android.intent.category.BROWSABLE" />
99-->[com.google.firebase:firebase-auth:20.0.1] AndroidManifest.xml:37:17-78
99-->[com.google.firebase:firebase-auth:20.0.1] AndroidManifest.xml:37:27-75
100
101                <data
101-->[com.google.firebase:firebase-auth:20.0.1] AndroidManifest.xml:39:17-42:51
102                    android:host="firebase.auth"
102-->[com.google.firebase:firebase-auth:20.0.1] AndroidManifest.xml:40:21-49
103                    android:path="/"
103-->[com.google.firebase:firebase-auth:20.0.1] AndroidManifest.xml:41:21-37
104                    android:scheme="genericidp" />
104-->[com.google.firebase:firebase-auth:20.0.1] AndroidManifest.xml:42:21-48
105            </intent-filter>
106        </activity>
107        <activity
107-->[com.google.firebase:firebase-auth:20.0.1] AndroidManifest.xml:45:9-62:20
108            android:name="com.google.firebase.auth.internal.RecaptchaActivity"
108-->[com.google.firebase:firebase-auth:20.0.1] AndroidManifest.xml:46:13-79
109            android:excludeFromRecents="true"
109-->[com.google.firebase:firebase-auth:20.0.1] AndroidManifest.xml:47:13-46
110            android:exported="true"
110-->[com.google.firebase:firebase-auth:20.0.1] AndroidManifest.xml:48:13-36
111            android:launchMode="singleTask"
111-->[com.google.firebase:firebase-auth:20.0.1] AndroidManifest.xml:49:13-44
112            android:theme="@android:style/Theme.Translucent.NoTitleBar" >
112-->[com.google.firebase:firebase-auth:20.0.1] AndroidManifest.xml:50:13-72
113            <intent-filter>
113-->[com.google.firebase:firebase-auth:20.0.1] AndroidManifest.xml:51:13-61:29
114                <action android:name="android.intent.action.VIEW" />
114-->[com.google.firebase:firebase-auth:20.0.1] AndroidManifest.xml:34:17-69
114-->[com.google.firebase:firebase-auth:20.0.1] AndroidManifest.xml:34:25-66
115
116                <category android:name="android.intent.category.DEFAULT" />
116-->[com.google.firebase:firebase-auth:20.0.1] AndroidManifest.xml:36:17-76
116-->[com.google.firebase:firebase-auth:20.0.1] AndroidManifest.xml:36:27-73
117                <category android:name="android.intent.category.BROWSABLE" />
117-->[com.google.firebase:firebase-auth:20.0.1] AndroidManifest.xml:37:17-78
117-->[com.google.firebase:firebase-auth:20.0.1] AndroidManifest.xml:37:27-75
118
119                <data
119-->[com.google.firebase:firebase-auth:20.0.1] AndroidManifest.xml:39:17-42:51
120                    android:host="firebase.auth"
120-->[com.google.firebase:firebase-auth:20.0.1] AndroidManifest.xml:40:21-49
121                    android:path="/"
121-->[com.google.firebase:firebase-auth:20.0.1] AndroidManifest.xml:41:21-37
122                    android:scheme="recaptcha" />
122-->[com.google.firebase:firebase-auth:20.0.1] AndroidManifest.xml:42:21-48
123            </intent-filter>
124        </activity>
125
126        <service
126-->[com.google.firebase:firebase-auth:20.0.1] AndroidManifest.xml:64:9-73:19
127            android:name="com.google.firebase.auth.api.fallback.service.FirebaseAuthFallbackService"
127-->[com.google.firebase:firebase-auth:20.0.1] AndroidManifest.xml:65:13-101
128            android:enabled="true"
128-->[com.google.firebase:firebase-auth:20.0.1] AndroidManifest.xml:66:13-35
129            android:exported="false" >
129-->[com.google.firebase:firebase-auth:20.0.1] AndroidManifest.xml:67:13-37
130            <intent-filter>
130-->[com.google.firebase:firebase-auth:20.0.1] AndroidManifest.xml:68:13-72:29
131                <action android:name="com.google.firebase.auth.api.gms.service.START" />
131-->[com.google.firebase:firebase-auth:20.0.1] AndroidManifest.xml:69:17-89
131-->[com.google.firebase:firebase-auth:20.0.1] AndroidManifest.xml:69:25-86
132
133                <category android:name="android.intent.category.DEFAULT" />
133-->[com.google.firebase:firebase-auth:20.0.1] AndroidManifest.xml:36:17-76
133-->[com.google.firebase:firebase-auth:20.0.1] AndroidManifest.xml:36:27-73
134            </intent-filter>
135        </service>
136        <service
136-->[com.google.firebase:firebase-auth:20.0.1] AndroidManifest.xml:74:9-80:19
137            android:name="com.google.firebase.components.ComponentDiscoveryService"
137-->[com.google.firebase:firebase-auth:20.0.1] AndroidManifest.xml:75:13-84
138            android:directBootAware="true"
138-->[com.google.firebase:firebase-common:19.4.0] AndroidManifest.xml:35:13-43
139            android:exported="false" >
139-->[com.google.firebase:firebase-auth:20.0.1] AndroidManifest.xml:76:13-37
140            <meta-data
140-->[com.google.firebase:firebase-auth:20.0.1] AndroidManifest.xml:77:13-79:85
141                android:name="com.google.firebase.components:com.google.firebase.auth.FirebaseAuthRegistrar"
141-->[com.google.firebase:firebase-auth:20.0.1] AndroidManifest.xml:78:17-109
142                android:value="com.google.firebase.components.ComponentRegistrar" />
142-->[com.google.firebase:firebase-auth:20.0.1] AndroidManifest.xml:79:17-82
143            <meta-data
143-->[com.google.firebase:firebase-firestore:22.0.0] AndroidManifest.xml:20:13-22:85
144                android:name="com.google.firebase.components:com.google.firebase.firestore.FirestoreRegistrar"
144-->[com.google.firebase:firebase-firestore:22.0.0] AndroidManifest.xml:21:17-111
145                android:value="com.google.firebase.components.ComponentRegistrar" />
145-->[com.google.firebase:firebase-firestore:22.0.0] AndroidManifest.xml:22:17-82
146        </service>
147        <service
147-->[androidx.work:work-gcm:2.4.0] AndroidManifest.xml:26:9-35:19
148            android:name="androidx.work.impl.background.gcm.WorkManagerGcmService"
148-->[androidx.work:work-gcm:2.4.0] AndroidManifest.xml:27:13-83
149            android:directBootAware="false"
149-->[androidx.work:work-gcm:2.4.0] AndroidManifest.xml:28:13-44
150            android:exported="@bool/enable_gcm_scheduler_default"
150-->[androidx.work:work-gcm:2.4.0] AndroidManifest.xml:29:13-66
151            android:permission="com.google.android.gms.permission.BIND_NETWORK_TASK_SERVICE" >
151-->[androidx.work:work-gcm:2.4.0] AndroidManifest.xml:30:13-93
152            <intent-filter>
152-->[androidx.work:work-gcm:2.4.0] AndroidManifest.xml:32:13-34:29
153                <action android:name="com.google.android.gms.gcm.ACTION_TASK_READY" />
153-->[androidx.work:work-gcm:2.4.0] AndroidManifest.xml:33:17-87
153-->[androidx.work:work-gcm:2.4.0] AndroidManifest.xml:33:25-84
154            </intent-filter>
155        </service>
156
157        <activity
157-->[com.google.android.gms:play-services-base:17.3.0] AndroidManifest.xml:23:9-26:75
158            android:name="com.google.android.gms.common.api.GoogleApiActivity"
158-->[com.google.android.gms:play-services-base:17.3.0] AndroidManifest.xml:24:13-79
159            android:exported="false"
159-->[com.google.android.gms:play-services-base:17.3.0] AndroidManifest.xml:25:13-37
160            android:theme="@android:style/Theme.Translucent.NoTitleBar" />
160-->[com.google.android.gms:play-services-base:17.3.0] AndroidManifest.xml:26:13-72
161
162        <provider
162-->[com.google.firebase:firebase-common:19.4.0] AndroidManifest.xml:26:9-31:39
163            android:name="com.google.firebase.provider.FirebaseInitProvider"
163-->[com.google.firebase:firebase-common:19.4.0] AndroidManifest.xml:27:13-77
164            android:authorities="es.upv.inodos.firebaseinitprovider"
164-->[com.google.firebase:firebase-common:19.4.0] AndroidManifest.xml:28:13-72
165            android:directBootAware="true"
165-->[com.google.firebase:firebase-common:19.4.0] AndroidManifest.xml:29:13-43
166            android:exported="false"
166-->[com.google.firebase:firebase-common:19.4.0] AndroidManifest.xml:30:13-37
167            android:initOrder="100" />
167-->[com.google.firebase:firebase-common:19.4.0] AndroidManifest.xml:31:13-36
168
169        <meta-data
169-->[com.google.android.gms:play-services-basement:17.5.0] AndroidManifest.xml:23:9-25:69
170            android:name="com.google.android.gms.version"
170-->[com.google.android.gms:play-services-basement:17.5.0] AndroidManifest.xml:24:13-58
171            android:value="@integer/google_play_services_version" />
171-->[com.google.android.gms:play-services-basement:17.5.0] AndroidManifest.xml:25:13-66
172
173        <provider
173-->[androidx.work:work-runtime:2.4.0] AndroidManifest.xml:31:9-37:35
174            android:name="androidx.work.impl.WorkManagerInitializer"
174-->[androidx.work:work-runtime:2.4.0] AndroidManifest.xml:32:13-69
175            android:authorities="es.upv.inodos.workmanager-init"
175-->[androidx.work:work-runtime:2.4.0] AndroidManifest.xml:33:13-68
176            android:directBootAware="false"
176-->[androidx.work:work-runtime:2.4.0] AndroidManifest.xml:34:13-44
177            android:exported="false"
177-->[androidx.work:work-runtime:2.4.0] AndroidManifest.xml:35:13-37
178            android:multiprocess="true" />
178-->[androidx.work:work-runtime:2.4.0] AndroidManifest.xml:36:13-40
179
180        <service
180-->[androidx.work:work-runtime:2.4.0] AndroidManifest.xml:39:9-44:35
181            android:name="androidx.work.impl.background.systemalarm.SystemAlarmService"
181-->[androidx.work:work-runtime:2.4.0] AndroidManifest.xml:40:13-88
182            android:directBootAware="false"
182-->[androidx.work:work-runtime:2.4.0] AndroidManifest.xml:41:13-44
183            android:enabled="@bool/enable_system_alarm_service_default"
183-->[androidx.work:work-runtime:2.4.0] AndroidManifest.xml:42:13-72
184            android:exported="false" />
184-->[androidx.work:work-runtime:2.4.0] AndroidManifest.xml:43:13-37
185        <service
185-->[androidx.work:work-runtime:2.4.0] AndroidManifest.xml:45:9-51:35
186            android:name="androidx.work.impl.background.systemjob.SystemJobService"
186-->[androidx.work:work-runtime:2.4.0] AndroidManifest.xml:46:13-84
187            android:directBootAware="false"
187-->[androidx.work:work-runtime:2.4.0] AndroidManifest.xml:47:13-44
188            android:enabled="@bool/enable_system_job_service_default"
188-->[androidx.work:work-runtime:2.4.0] AndroidManifest.xml:48:13-70
189            android:exported="true"
189-->[androidx.work:work-runtime:2.4.0] AndroidManifest.xml:49:13-36
190            android:permission="android.permission.BIND_JOB_SERVICE" />
190-->[androidx.work:work-runtime:2.4.0] AndroidManifest.xml:50:13-69
191        <service
191-->[androidx.work:work-runtime:2.4.0] AndroidManifest.xml:52:9-57:35
192            android:name="androidx.work.impl.foreground.SystemForegroundService"
192-->[androidx.work:work-runtime:2.4.0] AndroidManifest.xml:53:13-81
193            android:directBootAware="false"
193-->[androidx.work:work-runtime:2.4.0] AndroidManifest.xml:54:13-44
194            android:enabled="@bool/enable_system_foreground_service_default"
194-->[androidx.work:work-runtime:2.4.0] AndroidManifest.xml:55:13-77
195            android:exported="false" />
195-->[androidx.work:work-runtime:2.4.0] AndroidManifest.xml:56:13-37
196
197        <receiver
197-->[androidx.work:work-runtime:2.4.0] AndroidManifest.xml:59:9-64:35
198            android:name="androidx.work.impl.utils.ForceStopRunnable$BroadcastReceiver"
198-->[androidx.work:work-runtime:2.4.0] AndroidManifest.xml:60:13-88
199            android:directBootAware="false"
199-->[androidx.work:work-runtime:2.4.0] AndroidManifest.xml:61:13-44
200            android:enabled="true"
200-->[androidx.work:work-runtime:2.4.0] AndroidManifest.xml:62:13-35
201            android:exported="false" />
201-->[androidx.work:work-runtime:2.4.0] AndroidManifest.xml:63:13-37
202        <receiver
202-->[androidx.work:work-runtime:2.4.0] AndroidManifest.xml:65:9-75:20
203            android:name="androidx.work.impl.background.systemalarm.ConstraintProxy$BatteryChargingProxy"
203-->[androidx.work:work-runtime:2.4.0] AndroidManifest.xml:66:13-106
204            android:directBootAware="false"
204-->[androidx.work:work-runtime:2.4.0] AndroidManifest.xml:67:13-44
205            android:enabled="false"
205-->[androidx.work:work-runtime:2.4.0] AndroidManifest.xml:68:13-36
206            android:exported="false" >
206-->[androidx.work:work-runtime:2.4.0] AndroidManifest.xml:69:13-37
207            <intent-filter>
207-->[androidx.work:work-runtime:2.4.0] AndroidManifest.xml:71:13-74:29
208                <action android:name="android.intent.action.ACTION_POWER_CONNECTED" />
208-->[androidx.work:work-runtime:2.4.0] AndroidManifest.xml:72:17-87
208-->[androidx.work:work-runtime:2.4.0] AndroidManifest.xml:72:25-84
209                <action android:name="android.intent.action.ACTION_POWER_DISCONNECTED" />
209-->[androidx.work:work-runtime:2.4.0] AndroidManifest.xml:73:17-90
209-->[androidx.work:work-runtime:2.4.0] AndroidManifest.xml:73:25-87
210            </intent-filter>
211        </receiver>
212        <receiver
212-->[androidx.work:work-runtime:2.4.0] AndroidManifest.xml:76:9-86:20
213            android:name="androidx.work.impl.background.systemalarm.ConstraintProxy$BatteryNotLowProxy"
213-->[androidx.work:work-runtime:2.4.0] AndroidManifest.xml:77:13-104
214            android:directBootAware="false"
214-->[androidx.work:work-runtime:2.4.0] AndroidManifest.xml:78:13-44
215            android:enabled="false"
215-->[androidx.work:work-runtime:2.4.0] AndroidManifest.xml:79:13-36
216            android:exported="false" >
216-->[androidx.work:work-runtime:2.4.0] AndroidManifest.xml:80:13-37
217            <intent-filter>
217-->[androidx.work:work-runtime:2.4.0] AndroidManifest.xml:82:13-85:29
218                <action android:name="android.intent.action.BATTERY_OKAY" />
218-->[androidx.work:work-runtime:2.4.0] AndroidManifest.xml:83:17-77
218-->[androidx.work:work-runtime:2.4.0] AndroidManifest.xml:83:25-74
219                <action android:name="android.intent.action.BATTERY_LOW" />
219-->[androidx.work:work-runtime:2.4.0] AndroidManifest.xml:84:17-76
219-->[androidx.work:work-runtime:2.4.0] AndroidManifest.xml:84:25-73
220            </intent-filter>
221        </receiver>
222        <receiver
222-->[androidx.work:work-runtime:2.4.0] AndroidManifest.xml:87:9-97:20
223            android:name="androidx.work.impl.background.systemalarm.ConstraintProxy$StorageNotLowProxy"
223-->[androidx.work:work-runtime:2.4.0] AndroidManifest.xml:88:13-104
224            android:directBootAware="false"
224-->[androidx.work:work-runtime:2.4.0] AndroidManifest.xml:89:13-44
225            android:enabled="false"
225-->[androidx.work:work-runtime:2.4.0] AndroidManifest.xml:90:13-36
226            android:exported="false" >
226-->[androidx.work:work-runtime:2.4.0] AndroidManifest.xml:91:13-37
227            <intent-filter>
227-->[androidx.work:work-runtime:2.4.0] AndroidManifest.xml:93:13-96:29
228                <action android:name="android.intent.action.DEVICE_STORAGE_LOW" />
228-->[androidx.work:work-runtime:2.4.0] AndroidManifest.xml:94:17-83
228-->[androidx.work:work-runtime:2.4.0] AndroidManifest.xml:94:25-80
229                <action android:name="android.intent.action.DEVICE_STORAGE_OK" />
229-->[androidx.work:work-runtime:2.4.0] AndroidManifest.xml:95:17-82
229-->[androidx.work:work-runtime:2.4.0] AndroidManifest.xml:95:25-79
230            </intent-filter>
231        </receiver>
232        <receiver
232-->[androidx.work:work-runtime:2.4.0] AndroidManifest.xml:98:9-107:20
233            android:name="androidx.work.impl.background.systemalarm.ConstraintProxy$NetworkStateProxy"
233-->[androidx.work:work-runtime:2.4.0] AndroidManifest.xml:99:13-103
234            android:directBootAware="false"
234-->[androidx.work:work-runtime:2.4.0] AndroidManifest.xml:100:13-44
235            android:enabled="false"
235-->[androidx.work:work-runtime:2.4.0] AndroidManifest.xml:101:13-36
236            android:exported="false" >
236-->[androidx.work:work-runtime:2.4.0] AndroidManifest.xml:102:13-37
237            <intent-filter>
237-->[androidx.work:work-runtime:2.4.0] AndroidManifest.xml:104:13-106:29
238                <action android:name="android.net.conn.CONNECTIVITY_CHANGE" />
238-->[androidx.work:work-runtime:2.4.0] AndroidManifest.xml:105:17-79
238-->[androidx.work:work-runtime:2.4.0] AndroidManifest.xml:105:25-76
239            </intent-filter>
240        </receiver>
241        <receiver
241-->[androidx.work:work-runtime:2.4.0] AndroidManifest.xml:108:9-119:20
242            android:name="androidx.work.impl.background.systemalarm.RescheduleReceiver"
242-->[androidx.work:work-runtime:2.4.0] AndroidManifest.xml:109:13-88
243            android:directBootAware="false"
243-->[androidx.work:work-runtime:2.4.0] AndroidManifest.xml:110:13-44
244            android:enabled="false"
244-->[androidx.work:work-runtime:2.4.0] AndroidManifest.xml:111:13-36
245            android:exported="false" >
245-->[androidx.work:work-runtime:2.4.0] AndroidManifest.xml:112:13-37
246            <intent-filter>
246-->[androidx.work:work-runtime:2.4.0] AndroidManifest.xml:114:13-118:29
247                <action android:name="android.intent.action.BOOT_COMPLETED" />
247-->src\main\AndroidManifest.xml:56:17-86
247-->src\main\AndroidManifest.xml:56:25-76
248                <action android:name="android.intent.action.TIME_SET" />
248-->[androidx.work:work-runtime:2.4.0] AndroidManifest.xml:116:17-73
248-->[androidx.work:work-runtime:2.4.0] AndroidManifest.xml:116:25-70
249                <action android:name="android.intent.action.TIMEZONE_CHANGED" />
249-->[androidx.work:work-runtime:2.4.0] AndroidManifest.xml:117:17-81
249-->[androidx.work:work-runtime:2.4.0] AndroidManifest.xml:117:25-78
250            </intent-filter>
251        </receiver>
252        <receiver
252-->[androidx.work:work-runtime:2.4.0] AndroidManifest.xml:120:9-129:20
253            android:name="androidx.work.impl.background.systemalarm.ConstraintProxyUpdateReceiver"
253-->[androidx.work:work-runtime:2.4.0] AndroidManifest.xml:121:13-99
254            android:directBootAware="false"
254-->[androidx.work:work-runtime:2.4.0] AndroidManifest.xml:122:13-44
255            android:enabled="@bool/enable_system_alarm_service_default"
255-->[androidx.work:work-runtime:2.4.0] AndroidManifest.xml:123:13-72
256            android:exported="false" >
256-->[androidx.work:work-runtime:2.4.0] AndroidManifest.xml:124:13-37
257            <intent-filter>
257-->[androidx.work:work-runtime:2.4.0] AndroidManifest.xml:126:13-128:29
258                <action android:name="androidx.work.impl.background.systemalarm.UpdateProxies" />
258-->[androidx.work:work-runtime:2.4.0] AndroidManifest.xml:127:17-98
258-->[androidx.work:work-runtime:2.4.0] AndroidManifest.xml:127:25-95
259            </intent-filter>
260        </receiver>
261        <receiver
261-->[androidx.work:work-runtime:2.4.0] AndroidManifest.xml:130:9-140:20
262            android:name="androidx.work.impl.diagnostics.DiagnosticsReceiver"
262-->[androidx.work:work-runtime:2.4.0] AndroidManifest.xml:131:13-78
263            android:directBootAware="false"
263-->[androidx.work:work-runtime:2.4.0] AndroidManifest.xml:132:13-44
264            android:enabled="true"
264-->[androidx.work:work-runtime:2.4.0] AndroidManifest.xml:133:13-35
265            android:exported="true"
265-->[androidx.work:work-runtime:2.4.0] AndroidManifest.xml:134:13-36
266            android:permission="android.permission.DUMP" >
266-->[androidx.work:work-runtime:2.4.0] AndroidManifest.xml:135:13-57
267            <intent-filter>
267-->[androidx.work:work-runtime:2.4.0] AndroidManifest.xml:137:13-139:29
268                <action android:name="androidx.work.diagnostics.REQUEST_DIAGNOSTICS" />
268-->[androidx.work:work-runtime:2.4.0] AndroidManifest.xml:138:17-88
268-->[androidx.work:work-runtime:2.4.0] AndroidManifest.xml:138:25-85
269            </intent-filter>
270        </receiver>
271
272        <service
272-->[androidx.room:room-runtime:2.2.5] AndroidManifest.xml:25:9-28:40
273            android:name="androidx.room.MultiInstanceInvalidationService"
273-->[androidx.room:room-runtime:2.2.5] AndroidManifest.xml:26:13-74
274            android:directBootAware="true"
274-->[androidx.room:room-runtime:2.2.5] AndroidManifest.xml:27:13-43
275            android:exported="false" />
275-->[androidx.room:room-runtime:2.2.5] AndroidManifest.xml:28:13-37
276    </application>
277
278</manifest>